<?xml version="1.0" encoding="UTF-8"?>
<!-- Generated by org.testng.reporters.JUnitReportReporter -->
<testsuite hostname="Sridhars-MacBook-Pro.local" failures="0" tests="30" name="runner.TestRunner" time="91.062" errors="0" timestamp="2025-07-23T16:25:43 MDT" skipped="0">
  <testcase classname="runner.TestRunner" name="runScenario" time="2.787"/>
  <testcase classname="runner.TestRunner" name="runScenario" time="2.488"/>
  <testcase classname="runner.TestRunner" name="runScenario" time="3.588"/>
  <testcase classname="runner.TestRunner" name="runScenario" time="2.622"/>
  <testcase classname="runner.TestRunner" name="runScenario" time="3.351"/>
  <testcase classname="runner.TestRunner" name="runScenario" time="2.715"/>
  <testcase classname="runner.TestRunner" name="runScenario" time="2.430"/>
  <testcase classname="runner.TestRunner" name="runScenario" time="2.458"/>
  <testcase classname="runner.TestRunner" name="runScenario" time="3.402"/>
  <testcase classname="runner.TestRunner" name="runScenario" time="2.684"/>
  <testcase classname="runner.TestRunner" name="runScenario" time="3.360"/>
  <testcase classname="runner.TestRunner" name="runScenario" time="2.702"/>
  <testcase classname="runner.TestRunner" name="runScenario" time="3.451"/>
  <testcase classname="runner.TestRunner" name="runScenario" time="2.762"/>
  <testcase classname="runner.TestRunner" name="runScenario" time="2.798"/>
  <testcase classname="runner.TestRunner" name="runScenario" time="2.689"/>
  <testcase classname="runner.TestRunner" name="runScenario" time="2.506"/>
  <testcase classname="runner.TestRunner" name="runScenario" time="3.686"/>
  <testcase classname="runner.TestRunner" name="runScenario" time="3.692"/>
  <testcase classname="runner.TestRunner" name="runScenario" time="3.360"/>
  <testcase classname="runner.TestRunner" name="runScenario" time="3.339"/>
  <testcase classname="runner.TestRunner" name="runScenario" time="3.548"/>
  <testcase classname="runner.TestRunner" name="runScenario" time="3.257"/>
  <testcase classname="runner.TestRunner" name="runScenario" time="3.645"/>
  <testcase classname="runner.TestRunner" name="runScenario" time="2.762"/>
  <testcase classname="runner.TestRunner" name="runScenario" time="2.426"/>
  <testcase classname="runner.TestRunner" name="runScenario" time="3.805"/>
  <testcase classname="runner.TestRunner" name="runScenario" time="3.576"/>
  <testcase classname="runner.TestRunner" name="runScenario" time="2.587"/>
  <testcase classname="runner.TestRunner" name="runScenario" time="2.586"/>
</testsuite> <!-- runner.TestRunner -->
