<?xml version="1.0" encoding="UTF-8"?>
<!-- Generated by org.testng.reporters.JUnitReportReporter -->
<testsuite hostname="Sridhars-MacBook-Pro.local" failures="0" tests="1" name="runner.TestRunner" time="3.491" errors="0" timestamp="2025-06-09T12:38:14 MDT" skipped="0">
  <testcase classname="runner.TestRunner" name="runScenario" time="3.491"/>
</testsuite> <!-- runner.TestRunner -->
