<?xml version="1.0" encoding="UTF-8"?>
<!-- Generated by org.testng.reporters.JUnitReportReporter -->
<testsuite hostname="Sridhars-MacBook-Pro.local" failures="0" tests="30" name="runner.TestRunner" time="89.592" errors="0" timestamp="2025-06-17T11:00:14 MDT" skipped="0">
  <testcase classname="runner.TestRunner" name="runScenario" time="3.468"/>
  <testcase classname="runner.TestRunner" name="runScenario" time="2.509"/>
  <testcase classname="runner.TestRunner" name="runScenario" time="2.557"/>
  <testcase classname="runner.TestRunner" name="runScenario" time="2.584"/>
  <testcase classname="runner.TestRunner" name="runScenario" time="3.585"/>
  <testcase classname="runner.TestRunner" name="runScenario" time="3.601"/>
  <testcase classname="runner.TestRunner" name="runScenario" time="2.549"/>
  <testcase classname="runner.TestRunner" name="runScenario" time="2.523"/>
  <testcase classname="runner.TestRunner" name="runScenario" time="3.810"/>
  <testcase classname="runner.TestRunner" name="runScenario" time="3.722"/>
  <testcase classname="runner.TestRunner" name="runScenario" time="3.639"/>
  <testcase classname="runner.TestRunner" name="runScenario" time="2.586"/>
  <testcase classname="runner.TestRunner" name="runScenario" time="3.323"/>
  <testcase classname="runner.TestRunner" name="runScenario" time="3.466"/>
  <testcase classname="runner.TestRunner" name="runScenario" time="2.563"/>
  <testcase classname="runner.TestRunner" name="runScenario" time="2.609"/>
  <testcase classname="runner.TestRunner" name="runScenario" time="2.506"/>
  <testcase classname="runner.TestRunner" name="runScenario" time="2.567"/>
  <testcase classname="runner.TestRunner" name="runScenario" time="3.429"/>
  <testcase classname="runner.TestRunner" name="runScenario" time="3.675"/>
  <testcase classname="runner.TestRunner" name="runScenario" time="2.403"/>
  <testcase classname="runner.TestRunner" name="runScenario" time="3.535"/>
  <testcase classname="runner.TestRunner" name="runScenario" time="2.645"/>
  <testcase classname="runner.TestRunner" name="runScenario" time="2.528"/>
  <testcase classname="runner.TestRunner" name="runScenario" time="2.577"/>
  <testcase classname="runner.TestRunner" name="runScenario" time="3.537"/>
  <testcase classname="runner.TestRunner" name="runScenario" time="2.616"/>
  <testcase classname="runner.TestRunner" name="runScenario" time="2.352"/>
  <testcase classname="runner.TestRunner" name="runScenario" time="3.600"/>
  <testcase classname="runner.TestRunner" name="runScenario" time="2.528"/>
</testsuite> <!-- runner.TestRunner -->
